TN:
SF:src\components\Body.js
FN:9,(anonymous_0)
FN:16,(anonymous_1)
FN:20,(anonymous_2)
FN:41,(anonymous_3)
FN:44,(anonymous_4)
FN:45,(anonymous_5)
FN:55,(anonymous_6)
FN:57,(anonymous_7)
FN:67,(anonymous_8)
FN:73,(anonymous_9)
FNF:10
FNH:9
FNDA:7,(anonymous_0)
FNDA:2,(anonymous_1)
FNDA:2,(anonymous_2)
FNDA:1,(anonymous_3)
FNDA:1,(anonymous_4)
FNDA:8,(anonymous_5)
FNDA:1,(anonymous_6)
FNDA:8,(anonymous_7)
FNDA:0,(anonymous_8)
FNDA:31,(anonymous_9)
DA:9,2
DA:10,7
DA:11,7
DA:12,7
DA:14,7
DA:16,7
DA:17,2
DA:20,7
DA:21,2
DA:22,2
DA:24,2
DA:27,2
DA:31,7
DA:33,7
DA:34,7
DA:36,7
DA:42,1
DA:45,1
DA:46,8
DA:49,1
DA:56,1
DA:57,8
DA:59,1
DA:68,0
DA:74,31
LF:25
LH:24
BRDA:34,0,0,0
BRDA:34,0,1,7
BRDA:36,1,0,2
BRDA:36,1,1,5
BRDA:46,2,0,8
BRDA:46,2,1,7
BRDA:75,3,0,31
BRDA:75,3,1,0
BRF:8
BRH:6
end_of_record
TN:
SF:src\components\Contact.js
FN:1,(anonymous_0)
FNF:1
FNH:1
FNDA:2,(anonymous_0)
DA:1,1
DA:2,2
LF:2
LH:2
BRF:0
BRH:0
end_of_record
TN:
SF:src\components\Header.js
FN:8,(anonymous_0)
FN:16,(anonymous_1)
FN:32,(anonymous_2)
FNF:3
FNH:3
FNDA:2,(anonymous_0)
FNDA:3,(anonymous_1)
FNDA:1,(anonymous_2)
DA:8,1
DA:9,2
DA:12,2
DA:16,3
DA:18,2
DA:33,1
LF:6
LH:6
BRDA:33,0,0,1
BRDA:33,0,1,0
BRF:2
BRH:1
end_of_record
TN:
SF:src\components\RestaurantCard.js
FN:3,(anonymous_0)
FN:34,(anonymous_1)
FN:35,(anonymous_2)
FNF:3
FNH:3
FNDA:34,(anonymous_0)
FNDA:8,(anonymous_1)
FNDA:32,(anonymous_2)
DA:3,4
DA:4,34
DA:5,34
DA:6,1
DA:16,33
DA:18,33
DA:34,4
DA:35,8
DA:36,32
LF:9
LH:9
BRDA:5,0,0,1
BRDA:5,0,1,33
BRDA:5,1,0,34
BRDA:5,1,1,33
BRF:4
BRH:4
end_of_record
TN:
SF:src\components\shimmer.js
FN:1,(anonymous_0)
FNF:1
FNH:1
FNDA:2,(anonymous_0)
DA:1,2
DA:2,2
LF:2
LH:2
BRF:0
BRH:0
end_of_record
TN:
SF:src\components\sumtest.js
FN:1,(anonymous_0)
FNF:1
FNH:1
FNDA:1,(anonymous_0)
DA:1,1
DA:2,1
LF:2
LH:2
BRF:0
BRH:0
end_of_record
TN:
SF:src\utils\UserContext.js
FNF:0
FNH:0
DA:3,3
LF:1
LH:1
BRF:0
BRH:0
end_of_record
TN:
SF:src\utils\appStore.js
FNF:0
FNH:0
DA:4,2
LF:1
LH:1
BRF:0
BRH:0
end_of_record
TN:
SF:src\utils\cartSlice.js
FN:9,(anonymous_0)
FN:13,(anonymous_1)
FN:16,(anonymous_2)
FNF:3
FNH:0
FNDA:0,(anonymous_0)
FNDA:0,(anonymous_1)
FNDA:0,(anonymous_2)
DA:3,2
DA:11,0
DA:14,0
DA:19,0
DA:24,2
LF:5
LH:2
BRF:0
BRH:0
end_of_record
TN:
SF:src\utils\constants.js
FNF:0
FNH:0
DA:2,5
DA:4,5
DA:14,5
DA:17,5
LF:4
LH:4
BRF:0
BRH:0
end_of_record
TN:
SF:src\utils\useOnlineStatus.js
FN:4,(anonymous_0)
FN:9,(anonymous_1)
FN:10,(anonymous_2)
FN:13,(anonymous_3)
FNF:4
FNH:2
FNDA:7,(anonymous_0)
FNDA:2,(anonymous_1)
FNDA:0,(anonymous_2)
FNDA:0,(anonymous_3)
DA:4,3
DA:6,7
DA:9,7
DA:10,2
DA:11,0
DA:13,2
DA:14,0
DA:19,7
LF:8
LH:6
BRF:0
BRH:0
end_of_record
