<?xml version="1.0" encoding="UTF-8"?>
<coverage generated="1720717453858" clover="3.2.0">
  <project timestamp="1720717453859" name="All files">
    <metrics statements="65" coveredstatements="59" conditionals="14" coveredconditionals="11" methods="26" coveredmethods="20" elements="105" coveredelements="90" complexity="0" loc="65" ncloc="65" packages="2" files="11" classes="11"/>
    <package name="components">
      <metrics statements="46" coveredstatements="45" conditionals="14" coveredconditionals="11" methods="19" coveredmethods="18"/>
      <file name="Body.js" path="C:\Users\tanzeem\Desktop\React-course\Chapter-13-Time-for-the-test\coding\src\components\Body.js">
        <metrics statements="25" coveredstatements="24" conditionals="8" coveredconditionals="6" methods="10" coveredmethods="9"/>
        <line num="9" count="2" type="stmt"/>
        <line num="10" count="7" type="stmt"/>
        <line num="11" count="7" type="stmt"/>
        <line num="12" count="7" type="stmt"/>
        <line num="14" count="7" type="stmt"/>
        <line num="16" count="7" type="stmt"/>
        <line num="17" count="2" type="stmt"/>
        <line num="20" count="7" type="stmt"/>
        <line num="21" count="2" type="stmt"/>
        <line num="22" count="2" type="stmt"/>
        <line num="24" count="2" type="stmt"/>
        <line num="27" count="2" type="stmt"/>
        <line num="31" count="7" type="stmt"/>
        <line num="33" count="7" type="stmt"/>
        <line num="34" count="7" type="cond" truecount="1" falsecount="1"/>
        <line num="36" count="7" type="cond" truecount="2" falsecount="0"/>
        <line num="42" count="1" type="stmt"/>
        <line num="45" count="1" type="stmt"/>
        <line num="46" count="8" type="cond" truecount="2" falsecount="0"/>
        <line num="49" count="1" type="stmt"/>
        <line num="56" count="1" type="stmt"/>
        <line num="57" count="8" type="stmt"/>
        <line num="59" count="1" type="stmt"/>
        <line num="68" count="0" type="stmt"/>
        <line num="74" count="31" type="stmt"/>
      </file>
      <file name="Contact.js" path="C:\Users\tanzeem\Desktop\React-course\Chapter-13-Time-for-the-test\coding\src\components\Contact.js">
        <metrics statements="2" coveredstatements="2" conditionals="0" coveredconditionals="0" methods="1" coveredmethods="1"/>
        <line num="1" count="1" type="stmt"/>
        <line num="2" count="2" type="stmt"/>
      </file>
      <file name="Header.js" path="C:\Users\tanzeem\Desktop\React-course\Chapter-13-Time-for-the-test\coding\src\components\Header.js">
        <metrics statements="6" coveredstatements="6" conditionals="2" coveredconditionals="1" methods="3" coveredmethods="3"/>
        <line num="8" count="1" type="stmt"/>
        <line num="9" count="2" type="stmt"/>
        <line num="12" count="2" type="stmt"/>
        <line num="16" count="3" type="stmt"/>
        <line num="18" count="2" type="stmt"/>
        <line num="33" count="1" type="cond" truecount="1" falsecount="1"/>
      </file>
      <file name="RestaurantCard.js" path="C:\Users\tanzeem\Desktop\React-course\Chapter-13-Time-for-the-test\coding\src\components\RestaurantCard.js">
        <metrics statements="9" coveredstatements="9" conditionals="4" coveredconditionals="4" methods="3" coveredmethods="3"/>
        <line num="3" count="4" type="stmt"/>
        <line num="4" count="34" type="stmt"/>
        <line num="5" count="34" type="cond" truecount="4" falsecount="0"/>
        <line num="6" count="1" type="stmt"/>
        <line num="16" count="33" type="stmt"/>
        <line num="18" count="33" type="stmt"/>
        <line num="34" count="4" type="stmt"/>
        <line num="35" count="8" type="stmt"/>
        <line num="36" count="32" type="stmt"/>
      </file>
      <file name="shimmer.js" path="C:\Users\tanzeem\Desktop\React-course\Chapter-13-Time-for-the-test\coding\src\components\shimmer.js">
        <metrics statements="2" coveredstatements="2" conditionals="0" coveredconditionals="0" methods="1" coveredmethods="1"/>
        <line num="1" count="2" type="stmt"/>
        <line num="2" count="2" type="stmt"/>
      </file>
      <file name="sumtest.js" path="C:\Users\tanzeem\Desktop\React-course\Chapter-13-Time-for-the-test\coding\src\components\sumtest.js">
        <metrics statements="2" coveredstatements="2" conditionals="0" coveredconditionals="0" methods="1" coveredmethods="1"/>
        <line num="1" count="1" type="stmt"/>
        <line num="2" count="1" type="stmt"/>
      </file>
    </package>
    <package name="utils">
      <metrics statements="19" coveredstatements="14" conditionals="0" coveredconditionals="0" methods="7" coveredmethods="2"/>
      <file name="UserContext.js" path="C:\Users\tanzeem\Desktop\React-course\Chapter-13-Time-for-the-test\coding\src\utils\UserContext.js">
        <metrics statements="1" coveredstatements="1" conditionals="0" coveredconditionals="0" methods="0" coveredmethods="0"/>
        <line num="3" count="3" type="stmt"/>
      </file>
      <file name="appStore.js" path="C:\Users\tanzeem\Desktop\React-course\Chapter-13-Time-for-the-test\coding\src\utils\appStore.js">
        <metrics statements="1" coveredstatements="1" conditionals="0" coveredconditionals="0" methods="0" coveredmethods="0"/>
        <line num="4" count="2" type="stmt"/>
      </file>
      <file name="cartSlice.js" path="C:\Users\tanzeem\Desktop\React-course\Chapter-13-Time-for-the-test\coding\src\utils\cartSlice.js">
        <metrics statements="5" coveredstatements="2" conditionals="0" coveredconditionals="0" methods="3" coveredmethods="0"/>
        <line num="3" count="2" type="stmt"/>
        <line num="11" count="0" type="stmt"/>
        <line num="14" count="0" type="stmt"/>
        <line num="19" count="0" type="stmt"/>
        <line num="24" count="2" type="stmt"/>
      </file>
      <file name="constants.js" path="C:\Users\tanzeem\Desktop\React-course\Chapter-13-Time-for-the-test\coding\src\utils\constants.js">
        <metrics statements="4" coveredstatements="4" conditionals="0" coveredconditionals="0" methods="0" coveredmethods="0"/>
        <line num="2" count="5" type="stmt"/>
        <line num="4" count="5" type="stmt"/>
        <line num="14" count="5" type="stmt"/>
        <line num="17" count="5" type="stmt"/>
      </file>
      <file name="useOnlineStatus.js" path="C:\Users\tanzeem\Desktop\React-course\Chapter-13-Time-for-the-test\coding\src\utils\useOnlineStatus.js">
        <metrics statements="8" coveredstatements="6" conditionals="0" coveredconditionals="0" methods="4" coveredmethods="2"/>
        <line num="4" count="3" type="stmt"/>
        <line num="6" count="7" type="stmt"/>
        <line num="9" count="7" type="stmt"/>
        <line num="10" count="2" type="stmt"/>
        <line num="11" count="0" type="stmt"/>
        <line num="13" count="2" type="stmt"/>
        <line num="14" count="0" type="stmt"/>
        <line num="19" count="7" type="stmt"/>
      </file>
    </package>
  </project>
</coverage>
