{"C:\\Users\\tanzeem\\Desktop\\React-course\\Chapter-13-Time-for-the-test\\coding\\src\\components\\Body.js": {"path":"C:\\Users\\tanzeem\\Desktop\\React-course\\Chapter-13-Time-for-the-test\\coding\\src\\components\\Body.js","statementMap":{"0":{"start":{"line":9,"column":13},"end":{"line":82,"column":1}},"1":{"start":{"line":10,"column":46},"end":{"line":10,"column":58}},"2":{"start":{"line":11,"column":55},"end":{"line":11,"column":67}},"3":{"start":{"line":12,"column":38},"end":{"line":12,"column":50}},"4":{"start":{"line":14,"column":33},"end":{"line":14,"column":66}},"5":{"start":{"line":16,"column":2},"end":{"line":18,"column":9}},"6":{"start":{"line":17,"column":4},"end":{"line":17,"column":16}},"7":{"start":{"line":20,"column":20},"end":{"line":30,"column":3}},"8":{"start":{"line":21,"column":17},"end":{"line":21,"column":40}},"9":{"start":{"line":22,"column":17},"end":{"line":22,"column":34}},"10":{"start":{"line":24,"column":4},"end":{"line":26,"column":6}},"11":{"start":{"line":27,"column":4},"end":{"line":29,"column":6}},"12":{"start":{"line":31,"column":37},"end":{"line":31,"column":60}},"13":{"start":{"line":33,"column":23},"end":{"line":33,"column":40}},"14":{"start":{"line":34,"column":2},"end":{"line":34,"column":67}},"15":{"start":{"line":34,"column":30},"end":{"line":34,"column":67}},"16":{"start":{"line":36,"column":2},"end":{"line":81,"column":4}},"17":{"start":{"line":42,"column":12},"end":{"line":42,"column":42}},"18":{"start":{"line":45,"column":40},"end":{"line":48,"column":13}},"19":{"start":{"line":46,"column":16},"end":{"line":47,"column":82}},"20":{"start":{"line":49,"column":12},"end":{"line":49,"column":56}},"21":{"start":{"line":56,"column":41},"end":{"line":58,"column":13}},"22":{"start":{"line":57,"column":23},"end":{"line":57,"column":45}},"23":{"start":{"line":59,"column":12},"end":{"line":59,"column":57}},"24":{"start":{"line":68,"column":12},"end":{"line":68,"column":40}},"25":{"start":{"line":74,"column":10},"end":{"line":77,"column":17}}},"fnMap":{"0":{"name":"(anonymous_0)","decl":{"start":{"line":9,"column":13},"end":{"line":9,"column":14}},"loc":{"start":{"line":9,"column":19},"end":{"line":82,"column":1}},"line":9},"1":{"name":"(anonymous_1)","decl":{"start":{"line":16,"column":12},"end":{"line":16,"column":13}},"loc":{"start":{"line":16,"column":18},"end":{"line":18,"column":3}},"line":16},"2":{"name":"(anonymous_2)","decl":{"start":{"line":20,"column":20},"end":{"line":20,"column":21}},"loc":{"start":{"line":20,"column":32},"end":{"line":30,"column":3}},"line":20},"3":{"name":"(anonymous_3)","decl":{"start":{"line":41,"column":117},"end":{"line":41,"column":118}},"loc":{"start":{"line":41,"column":122},"end":{"line":43,"column":11}},"line":41},"4":{"name":"(anonymous_4)","decl":{"start":{"line":44,"column":112},"end":{"line":44,"column":113}},"loc":{"start":{"line":44,"column":116},"end":{"line":50,"column":11}},"line":44},"5":{"name":"(anonymous_5)","decl":{"start":{"line":45,"column":63},"end":{"line":45,"column":64}},"loc":{"start":{"line":46,"column":16},"end":{"line":47,"column":82}},"line":46},"6":{"name":"(anonymous_6)","decl":{"start":{"line":55,"column":19},"end":{"line":55,"column":20}},"loc":{"start":{"line":55,"column":25},"end":{"line":60,"column":11}},"line":55},"7":{"name":"(anonymous_7)","decl":{"start":{"line":57,"column":14},"end":{"line":57,"column":15}},"loc":{"start":{"line":57,"column":23},"end":{"line":57,"column":45}},"line":57},"8":{"name":"(anonymous_8)","decl":{"start":{"line":67,"column":92},"end":{"line":67,"column":93}},"loc":{"start":{"line":67,"column":97},"end":{"line":69,"column":11}},"line":67},"9":{"name":"(anonymous_9)","decl":{"start":{"line":73,"column":34},"end":{"line":73,"column":35}},"loc":{"start":{"line":74,"column":10},"end":{"line":77,"column":17}},"line":74}},"branchMap":{"0":{"loc":{"start":{"line":34,"column":2},"end":{"line":34,"column":67}},"type":"if","locations":[{"start":{"line":34,"column":2},"end":{"line":34,"column":67}},{"start":{},"end":{}}],"line":34},"1":{"loc":{"start":{"line":36,"column":9},"end":{"line":81,"column":3}},"type":"cond-expr","locations":[{"start":{"line":36,"column":39},"end":{"line":36,"column":49}},{"start":{"line":38,"column":4},"end":{"line":80,"column":10}}],"line":36},"2":{"loc":{"start":{"line":46,"column":16},"end":{"line":47,"column":82}},"type":"binary-expr","locations":[{"start":{"line":46,"column":16},"end":{"line":46,"column":78}},{"start":{"line":47,"column":16},"end":{"line":47,"column":82}}],"line":46},"3":{"loc":{"start":{"line":75,"column":14},"end":{"line":76,"column":46}},"type":"cond-expr","locations":[{"start":{"line":75,"column":32},"end":{"line":75,"column":71}},{"start":{"line":76,"column":14},"end":{"line":76,"column":46}}],"line":75}},"s":{"0":2,"1":7,"2":7,"3":7,"4":7,"5":7,"6":2,"7":7,"8":2,"9":2,"10":2,"11":2,"12":7,"13":7,"14":7,"15":0,"16":7,"17":1,"18":1,"19":8,"20":1,"21":1,"22":8,"23":1,"24":0,"25":30},"f":{"0":7,"1":2,"2":2,"3":1,"4":1,"5":8,"6":1,"7":8,"8":0,"9":30},"b":{"0":[0,7],"1":[2,5],"2":[8,7],"3":[30,0]},"_coverageSchema":"1a1c01bbd47fc00a2c39e90264f33305004495a9","hash":"e551f9fc4fc817f1678748c98a16996e51217474"}
,"C:\\Users\\tanzeem\\Desktop\\React-course\\Chapter-13-Time-for-the-test\\coding\\src\\components\\RestaurantCard.js": {"path":"C:\\Users\\tanzeem\\Desktop\\React-course\\Chapter-13-Time-for-the-test\\coding\\src\\components\\RestaurantCard.js","statementMap":{"0":{"start":{"line":3,"column":23},"end":{"line":27,"column":1}},"1":{"start":{"line":4,"column":22},"end":{"line":4,"column":27}},"2":{"start":{"line":13,"column":6},"end":{"line":13,"column":19}},"3":{"start":{"line":15,"column":2},"end":{"line":26,"column":4}},"4":{"start":{"line":31,"column":33},"end":{"line":40,"column":1}},"5":{"start":{"line":32,"column":2},"end":{"line":39,"column":4}},"6":{"start":{"line":33,"column":4},"end":{"line":38,"column":6}}},"fnMap":{"0":{"name":"(anonymous_0)","decl":{"start":{"line":3,"column":23},"end":{"line":3,"column":24}},"loc":{"start":{"line":3,"column":34},"end":{"line":27,"column":1}},"line":3},"1":{"name":"(anonymous_1)","decl":{"start":{"line":31,"column":33},"end":{"line":31,"column":34}},"loc":{"start":{"line":31,"column":52},"end":{"line":40,"column":1}},"line":31},"2":{"name":"(anonymous_2)","decl":{"start":{"line":32,"column":8},"end":{"line":32,"column":9}},"loc":{"start":{"line":32,"column":17},"end":{"line":39,"column":3}},"line":32}},"branchMap":{},"s":{"0":4,"1":37,"2":36,"3":32,"4":4,"5":8,"6":31},"f":{"0":37,"1":8,"2":31},"b":{},"_coverageSchema":"1a1c01bbd47fc00a2c39e90264f33305004495a9","hash":"4a35601c801ae81daef1d2aa377fcd57fde14a6f"}
,"C:\\Users\\tanzeem\\Desktop\\React-course\\Chapter-13-Time-for-the-test\\coding\\src\\components\\mocks\\mockItemListData.js": {"path":"C:\\Users\\tanzeem\\Desktop\\React-course\\Chapter-13-Time-for-the-test\\coding\\src\\components\\mocks\\mockItemListData.js","statementMap":{"0":{"start":{"line":1,"column":33},"end":{"line":74806,"column":1}}},"fnMap":{},"branchMap":{},"s":{"0":1},"f":{},"b":{},"_coverageSchema":"1a1c01bbd47fc00a2c39e90264f33305004495a9","hash":"4f9b30fae3fd142ac436d2a180d84988feecf3ff"}
,"C:\\Users\\tanzeem\\Desktop\\React-course\\Chapter-13-Time-for-the-test\\coding\\src\\components\\mocks\\mockResListData.js": {"path":"C:\\Users\\tanzeem\\Desktop\\React-course\\Chapter-13-Time-for-the-test\\coding\\src\\components\\mocks\\mockResListData.js","statementMap":{"0":{"start":{"line":1,"column":34},"end":{"line":6592,"column":1}}},"fnMap":{},"branchMap":{},"s":{"0":2},"f":{},"b":{},"_coverageSchema":"1a1c01bbd47fc00a2c39e90264f33305004495a9","hash":"eaaceb9d766a67cca9303d572595bdca0e81f264"}
,"C:\\Users\\tanzeem\\Desktop\\React-course\\Chapter-13-Time-for-the-test\\coding\\src\\utils\\appStore.js": {"path":"C:\\Users\\tanzeem\\Desktop\\React-course\\Chapter-13-Time-for-the-test\\coding\\src\\utils\\appStore.js","statementMap":{"0":{"start":{"line":4,"column":17},"end":{"line":8,"column":2}}},"fnMap":{},"branchMap":{},"s":{"0":1},"f":{},"b":{},"_coverageSchema":"1a1c01bbd47fc00a2c39e90264f33305004495a9","hash":"869dc998764d8ffb0ba3848152f8b7e8411c68a2"}
}
