{"C:\\Users\\tanzeem\\Desktop\\React-course\\Chapter-13-Time-for-the-test\\coding\\src\\components\\Body.js": {"path":"C:\\Users\\tanzeem\\Desktop\\React-course\\Chapter-13-Time-for-the-test\\coding\\src\\components\\Body.js","statementMap":{"0":{"start":{"line":9,"column":13},"end":{"line":82,"column":1}},"1":{"start":{"line":10,"column":46},"end":{"line":10,"column":58}},"2":{"start":{"line":11,"column":55},"end":{"line":11,"column":67}},"3":{"start":{"line":12,"column":38},"end":{"line":12,"column":50}},"4":{"start":{"line":14,"column":33},"end":{"line":14,"column":66}},"5":{"start":{"line":16,"column":2},"end":{"line":18,"column":9}},"6":{"start":{"line":17,"column":4},"end":{"line":17,"column":16}},"7":{"start":{"line":20,"column":20},"end":{"line":30,"column":3}},"8":{"start":{"line":21,"column":17},"end":{"line":21,"column":40}},"9":{"start":{"line":22,"column":17},"end":{"line":22,"column":34}},"10":{"start":{"line":24,"column":4},"end":{"line":26,"column":6}},"11":{"start":{"line":27,"column":4},"end":{"line":29,"column":6}},"12":{"start":{"line":31,"column":37},"end":{"line":31,"column":60}},"13":{"start":{"line":33,"column":23},"end":{"line":33,"column":40}},"14":{"start":{"line":34,"column":2},"end":{"line":34,"column":67}},"15":{"start":{"line":34,"column":30},"end":{"line":34,"column":67}},"16":{"start":{"line":36,"column":2},"end":{"line":81,"column":4}},"17":{"start":{"line":42,"column":12},"end":{"line":42,"column":42}},"18":{"start":{"line":45,"column":40},"end":{"line":48,"column":13}},"19":{"start":{"line":46,"column":16},"end":{"line":47,"column":82}},"20":{"start":{"line":49,"column":12},"end":{"line":49,"column":56}},"21":{"start":{"line":56,"column":41},"end":{"line":58,"column":13}},"22":{"start":{"line":57,"column":23},"end":{"line":57,"column":45}},"23":{"start":{"line":59,"column":12},"end":{"line":59,"column":57}},"24":{"start":{"line":68,"column":12},"end":{"line":68,"column":40}},"25":{"start":{"line":74,"column":10},"end":{"line":77,"column":17}}},"fnMap":{"0":{"name":"(anonymous_0)","decl":{"start":{"line":9,"column":13},"end":{"line":9,"column":14}},"loc":{"start":{"line":9,"column":19},"end":{"line":82,"column":1}},"line":9},"1":{"name":"(anonymous_1)","decl":{"start":{"line":16,"column":12},"end":{"line":16,"column":13}},"loc":{"start":{"line":16,"column":18},"end":{"line":18,"column":3}},"line":16},"2":{"name":"(anonymous_2)","decl":{"start":{"line":20,"column":20},"end":{"line":20,"column":21}},"loc":{"start":{"line":20,"column":32},"end":{"line":30,"column":3}},"line":20},"3":{"name":"(anonymous_3)","decl":{"start":{"line":41,"column":117},"end":{"line":41,"column":118}},"loc":{"start":{"line":41,"column":122},"end":{"line":43,"column":11}},"line":41},"4":{"name":"(anonymous_4)","decl":{"start":{"line":44,"column":112},"end":{"line":44,"column":113}},"loc":{"start":{"line":44,"column":116},"end":{"line":50,"column":11}},"line":44},"5":{"name":"(anonymous_5)","decl":{"start":{"line":45,"column":63},"end":{"line":45,"column":64}},"loc":{"start":{"line":46,"column":16},"end":{"line":47,"column":82}},"line":46},"6":{"name":"(anonymous_6)","decl":{"start":{"line":55,"column":19},"end":{"line":55,"column":20}},"loc":{"start":{"line":55,"column":25},"end":{"line":60,"column":11}},"line":55},"7":{"name":"(anonymous_7)","decl":{"start":{"line":57,"column":14},"end":{"line":57,"column":15}},"loc":{"start":{"line":57,"column":23},"end":{"line":57,"column":45}},"line":57},"8":{"name":"(anonymous_8)","decl":{"start":{"line":67,"column":92},"end":{"line":67,"column":93}},"loc":{"start":{"line":67,"column":97},"end":{"line":69,"column":11}},"line":67},"9":{"name":"(anonymous_9)","decl":{"start":{"line":73,"column":34},"end":{"line":73,"column":35}},"loc":{"start":{"line":74,"column":10},"end":{"line":77,"column":17}},"line":74}},"branchMap":{"0":{"loc":{"start":{"line":34,"column":2},"end":{"line":34,"column":67}},"type":"if","locations":[{"start":{"line":34,"column":2},"end":{"line":34,"column":67}},{"start":{},"end":{}}],"line":34},"1":{"loc":{"start":{"line":36,"column":9},"end":{"line":81,"column":3}},"type":"cond-expr","locations":[{"start":{"line":36,"column":39},"end":{"line":36,"column":49}},{"start":{"line":38,"column":4},"end":{"line":80,"column":10}}],"line":36},"2":{"loc":{"start":{"line":46,"column":16},"end":{"line":47,"column":82}},"type":"binary-expr","locations":[{"start":{"line":46,"column":16},"end":{"line":46,"column":78}},{"start":{"line":47,"column":16},"end":{"line":47,"column":82}}],"line":46},"3":{"loc":{"start":{"line":75,"column":14},"end":{"line":76,"column":46}},"type":"cond-expr","locations":[{"start":{"line":75,"column":32},"end":{"line":75,"column":71}},{"start":{"line":76,"column":14},"end":{"line":76,"column":46}}],"line":75}},"s":{"0":2,"1":7,"2":7,"3":7,"4":7,"5":7,"6":2,"7":7,"8":2,"9":2,"10":2,"11":2,"12":7,"13":7,"14":7,"15":0,"16":7,"17":1,"18":1,"19":8,"20":1,"21":1,"22":8,"23":1,"24":0,"25":31},"f":{"0":7,"1":2,"2":2,"3":1,"4":1,"5":8,"6":1,"7":8,"8":0,"9":31},"b":{"0":[0,7],"1":[2,5],"2":[8,7],"3":[31,0]},"_coverageSchema":"1a1c01bbd47fc00a2c39e90264f33305004495a9","hash":"e551f9fc4fc817f1678748c98a16996e51217474"}
,"C:\\Users\\tanzeem\\Desktop\\React-course\\Chapter-13-Time-for-the-test\\coding\\src\\components\\Contact.js": {"path":"C:\\Users\\tanzeem\\Desktop\\React-course\\Chapter-13-Time-for-the-test\\coding\\src\\components\\Contact.js","statementMap":{"0":{"start":{"line":1,"column":16},"end":{"line":14,"column":1}},"1":{"start":{"line":2,"column":4},"end":{"line":13,"column":5}}},"fnMap":{"0":{"name":"(anonymous_0)","decl":{"start":{"line":1,"column":16},"end":{"line":1,"column":17}},"loc":{"start":{"line":1,"column":20},"end":{"line":14,"column":1}},"line":1}},"branchMap":{},"s":{"0":1,"1":2},"f":{"0":2},"b":{},"_coverageSchema":"1a1c01bbd47fc00a2c39e90264f33305004495a9","hash":"423b1eaaa68ca7ec0f59418acf103bc1f26eecb6"}
,"C:\\Users\\tanzeem\\Desktop\\React-course\\Chapter-13-Time-for-the-test\\coding\\src\\components\\Header.js": {"path":"C:\\Users\\tanzeem\\Desktop\\React-course\\Chapter-13-Time-for-the-test\\coding\\src\\components\\Header.js","statementMap":{"0":{"start":{"line":8,"column":15},"end":{"line":40,"column":1}},"1":{"start":{"line":9,"column":41},"end":{"line":9,"column":58}},"2":{"start":{"line":12,"column":25},"end":{"line":12,"column":48}},"3":{"start":{"line":16,"column":20},"end":{"line":16,"column":58}},"4":{"start":{"line":16,"column":41},"end":{"line":16,"column":57}},"5":{"start":{"line":18,"column":2},"end":{"line":39,"column":4}},"6":{"start":{"line":33,"column":12},"end":{"line":33,"column":90}}},"fnMap":{"0":{"name":"(anonymous_0)","decl":{"start":{"line":8,"column":15},"end":{"line":8,"column":16}},"loc":{"start":{"line":8,"column":21},"end":{"line":40,"column":1}},"line":8},"1":{"name":"(anonymous_1)","decl":{"start":{"line":16,"column":32},"end":{"line":16,"column":33}},"loc":{"start":{"line":16,"column":41},"end":{"line":16,"column":57}},"line":16},"2":{"name":"(anonymous_2)","decl":{"start":{"line":32,"column":78},"end":{"line":32,"column":79}},"loc":{"start":{"line":32,"column":82},"end":{"line":34,"column":11}},"line":32}},"branchMap":{"0":{"loc":{"start":{"line":33,"column":12},"end":{"line":33,"column":89}},"type":"cond-expr","locations":[{"start":{"line":33,"column":39},"end":{"line":33,"column":64}},{"start":{"line":33,"column":65},"end":{"line":33,"column":89}}],"line":33}},"s":{"0":1,"1":2,"2":2,"3":2,"4":3,"5":2,"6":1},"f":{"0":2,"1":3,"2":1},"b":{"0":[1,0]},"_coverageSchema":"1a1c01bbd47fc00a2c39e90264f33305004495a9","hash":"6721a25dde0d157293611d3c3b212b6bce6823db"}
,"C:\\Users\\tanzeem\\Desktop\\React-course\\Chapter-13-Time-for-the-test\\coding\\src\\components\\RestaurantCard.js": {"path":"C:\\Users\\tanzeem\\Desktop\\React-course\\Chapter-13-Time-for-the-test\\coding\\src\\components\\RestaurantCard.js","statementMap":{"0":{"start":{"line":3,"column":23},"end":{"line":30,"column":1}},"1":{"start":{"line":4,"column":22},"end":{"line":4,"column":27}},"2":{"start":{"line":5,"column":2},"end":{"line":7,"column":3}},"3":{"start":{"line":6,"column":4},"end":{"line":6,"column":66}},"4":{"start":{"line":16,"column":6},"end":{"line":16,"column":19}},"5":{"start":{"line":18,"column":2},"end":{"line":29,"column":4}},"6":{"start":{"line":34,"column":33},"end":{"line":43,"column":1}},"7":{"start":{"line":35,"column":2},"end":{"line":42,"column":4}},"8":{"start":{"line":36,"column":4},"end":{"line":41,"column":6}}},"fnMap":{"0":{"name":"(anonymous_0)","decl":{"start":{"line":3,"column":23},"end":{"line":3,"column":24}},"loc":{"start":{"line":3,"column":34},"end":{"line":30,"column":1}},"line":3},"1":{"name":"(anonymous_1)","decl":{"start":{"line":34,"column":33},"end":{"line":34,"column":34}},"loc":{"start":{"line":34,"column":52},"end":{"line":43,"column":1}},"line":34},"2":{"name":"(anonymous_2)","decl":{"start":{"line":35,"column":8},"end":{"line":35,"column":9}},"loc":{"start":{"line":35,"column":17},"end":{"line":42,"column":3}},"line":35}},"branchMap":{"0":{"loc":{"start":{"line":5,"column":2},"end":{"line":7,"column":3}},"type":"if","locations":[{"start":{"line":5,"column":2},"end":{"line":7,"column":3}},{"start":{},"end":{}}],"line":5},"1":{"loc":{"start":{"line":5,"column":6},"end":{"line":5,"column":31}},"type":"binary-expr","locations":[{"start":{"line":5,"column":6},"end":{"line":5,"column":14}},{"start":{"line":5,"column":18},"end":{"line":5,"column":31}}],"line":5}},"s":{"0":4,"1":34,"2":34,"3":1,"4":33,"5":33,"6":4,"7":8,"8":32},"f":{"0":34,"1":8,"2":32},"b":{"0":[1,33],"1":[34,33]},"_coverageSchema":"1a1c01bbd47fc00a2c39e90264f33305004495a9","hash":"06ae1762a3dfd30d65f32c134ae2903e0d833e20"}
,"C:\\Users\\tanzeem\\Desktop\\React-course\\Chapter-13-Time-for-the-test\\coding\\src\\components\\shimmer.js": {"path":"C:\\Users\\tanzeem\\Desktop\\React-course\\Chapter-13-Time-for-the-test\\coding\\src\\components\\shimmer.js","statementMap":{"0":{"start":{"line":1,"column":16},"end":{"line":18,"column":1}},"1":{"start":{"line":2,"column":4},"end":{"line":17,"column":6}}},"fnMap":{"0":{"name":"(anonymous_0)","decl":{"start":{"line":1,"column":16},"end":{"line":1,"column":17}},"loc":{"start":{"line":1,"column":22},"end":{"line":18,"column":1}},"line":1}},"branchMap":{},"s":{"0":2,"1":2},"f":{"0":2},"b":{},"_coverageSchema":"1a1c01bbd47fc00a2c39e90264f33305004495a9","hash":"1f9df1fdcc3b001bc572a718f0949d68aa593d43"}
,"C:\\Users\\tanzeem\\Desktop\\React-course\\Chapter-13-Time-for-the-test\\coding\\src\\components\\sumtest.js": {"path":"C:\\Users\\tanzeem\\Desktop\\React-course\\Chapter-13-Time-for-the-test\\coding\\src\\components\\sumtest.js","statementMap":{"0":{"start":{"line":1,"column":17},"end":{"line":3,"column":1}},"1":{"start":{"line":2,"column":4},"end":{"line":2,"column":15}}},"fnMap":{"0":{"name":"(anonymous_0)","decl":{"start":{"line":1,"column":17},"end":{"line":1,"column":18}},"loc":{"start":{"line":1,"column":24},"end":{"line":3,"column":1}},"line":1}},"branchMap":{},"s":{"0":1,"1":1},"f":{"0":1},"b":{},"_coverageSchema":"1a1c01bbd47fc00a2c39e90264f33305004495a9","hash":"644c38c9d26f6e8981ed5e8ff0504cc0a7c2fe0f"}
,"C:\\Users\\tanzeem\\Desktop\\React-course\\Chapter-13-Time-for-the-test\\coding\\src\\utils\\UserContext.js": {"path":"C:\\Users\\tanzeem\\Desktop\\React-course\\Chapter-13-Time-for-the-test\\coding\\src\\utils\\UserContext.js","statementMap":{"0":{"start":{"line":3,"column":20},"end":{"line":5,"column":2}}},"fnMap":{},"branchMap":{},"s":{"0":3},"f":{},"b":{},"_coverageSchema":"1a1c01bbd47fc00a2c39e90264f33305004495a9","hash":"6f40aa24bd37df66e4db2dead85b8e4535f92b6e"}
,"C:\\Users\\tanzeem\\Desktop\\React-course\\Chapter-13-Time-for-the-test\\coding\\src\\utils\\appStore.js": {"path":"C:\\Users\\tanzeem\\Desktop\\React-course\\Chapter-13-Time-for-the-test\\coding\\src\\utils\\appStore.js","statementMap":{"0":{"start":{"line":4,"column":17},"end":{"line":8,"column":2}}},"fnMap":{},"branchMap":{},"s":{"0":2},"f":{},"b":{},"_coverageSchema":"1a1c01bbd47fc00a2c39e90264f33305004495a9","hash":"869dc998764d8ffb0ba3848152f8b7e8411c68a2"}
,"C:\\Users\\tanzeem\\Desktop\\React-course\\Chapter-13-Time-for-the-test\\coding\\src\\utils\\cartSlice.js": {"path":"C:\\Users\\tanzeem\\Desktop\\React-course\\Chapter-13-Time-for-the-test\\coding\\src\\utils\\cartSlice.js","statementMap":{"0":{"start":{"line":3,"column":18},"end":{"line":22,"column":2}},"1":{"start":{"line":11,"column":12},"end":{"line":11,"column":45}},"2":{"start":{"line":14,"column":12},"end":{"line":14,"column":30}},"3":{"start":{"line":19,"column":12},"end":{"line":19,"column":31}},"4":{"start":{"line":24,"column":46},"end":{"line":24,"column":63}}},"fnMap":{"0":{"name":"(anonymous_0)","decl":{"start":{"line":9,"column":17},"end":{"line":9,"column":18}},"loc":{"start":{"line":9,"column":33},"end":{"line":12,"column":9}},"line":9},"1":{"name":"(anonymous_1)","decl":{"start":{"line":13,"column":20},"end":{"line":13,"column":21}},"loc":{"start":{"line":13,"column":36},"end":{"line":15,"column":9}},"line":13},"2":{"name":"(anonymous_2)","decl":{"start":{"line":16,"column":19},"end":{"line":16,"column":20}},"loc":{"start":{"line":16,"column":35},"end":{"line":20,"column":9}},"line":16}},"branchMap":{},"s":{"0":2,"1":0,"2":0,"3":0,"4":2},"f":{"0":0,"1":0,"2":0},"b":{},"_coverageSchema":"1a1c01bbd47fc00a2c39e90264f33305004495a9","hash":"63fb3cfad6cc90bb46434ec9640272ecb4ad6433"}
,"C:\\Users\\tanzeem\\Desktop\\React-course\\Chapter-13-Time-for-the-test\\coding\\src\\utils\\constants.js": {"path":"C:\\Users\\tanzeem\\Desktop\\React-course\\Chapter-13-Time-for-the-test\\coding\\src\\utils\\constants.js","statementMap":{"0":{"start":{"line":2,"column":2},"end":{"line":2,"column":98}},"1":{"start":{"line":4,"column":2},"end":{"line":4,"column":169}},"2":{"start":{"line":14,"column":2},"end":{"line":14,"column":109}},"3":{"start":{"line":17,"column":34},"end":{"line":17,"column":176}}},"fnMap":{},"branchMap":{},"s":{"0":5,"1":5,"2":5,"3":5},"f":{},"b":{},"_coverageSchema":"1a1c01bbd47fc00a2c39e90264f33305004495a9","hash":"294b5d02c1a33ae0a72fa3dc717af892d5c1435e"}
,"C:\\Users\\tanzeem\\Desktop\\React-course\\Chapter-13-Time-for-the-test\\coding\\src\\utils\\useOnlineStatus.js": {"path":"C:\\Users\\tanzeem\\Desktop\\React-course\\Chapter-13-Time-for-the-test\\coding\\src\\utils\\useOnlineStatus.js","statementMap":{"0":{"start":{"line":4,"column":24},"end":{"line":20,"column":1}},"1":{"start":{"line":6,"column":43},"end":{"line":6,"column":57}},"2":{"start":{"line":9,"column":4},"end":{"line":16,"column":10}},"3":{"start":{"line":10,"column":7},"end":{"line":12,"column":9}},"4":{"start":{"line":11,"column":8},"end":{"line":11,"column":31}},"5":{"start":{"line":13,"column":7},"end":{"line":15,"column":9}},"6":{"start":{"line":14,"column":8},"end":{"line":14,"column":30}},"7":{"start":{"line":19,"column":4},"end":{"line":19,"column":24}}},"fnMap":{"0":{"name":"(anonymous_0)","decl":{"start":{"line":4,"column":24},"end":{"line":4,"column":25}},"loc":{"start":{"line":4,"column":30},"end":{"line":20,"column":1}},"line":4},"1":{"name":"(anonymous_1)","decl":{"start":{"line":9,"column":14},"end":{"line":9,"column":15}},"loc":{"start":{"line":9,"column":18},"end":{"line":16,"column":5}},"line":9},"2":{"name":"(anonymous_2)","decl":{"start":{"line":10,"column":42},"end":{"line":10,"column":43}},"loc":{"start":{"line":10,"column":48},"end":{"line":12,"column":8}},"line":10},"3":{"name":"(anonymous_3)","decl":{"start":{"line":13,"column":41},"end":{"line":13,"column":42}},"loc":{"start":{"line":13,"column":47},"end":{"line":15,"column":8}},"line":13}},"branchMap":{},"s":{"0":3,"1":7,"2":7,"3":2,"4":0,"5":2,"6":0,"7":7},"f":{"0":7,"1":2,"2":0,"3":0},"b":{},"_coverageSchema":"1a1c01bbd47fc00a2c39e90264f33305004495a9","hash":"135d559afc05910ef57c412bd48449273995a683"}
}
