TN:
SF:src\components\Body.js
FN:9,(anonymous_0)
FN:16,(anonymous_1)
FN:20,(anonymous_2)
FN:41,(anonymous_3)
FN:44,(anonymous_4)
FN:45,(anonymous_5)
FN:55,(anonymous_6)
FN:57,(anonymous_7)
FN:67,(anonymous_8)
FN:73,(anonymous_9)
FNF:10
FNH:9
FNDA:7,(anonymous_0)
FNDA:2,(anonymous_1)
FNDA:2,(anonymous_2)
FNDA:1,(anonymous_3)
FNDA:1,(anonymous_4)
FNDA:8,(anonymous_5)
FNDA:1,(anonymous_6)
FNDA:8,(anonymous_7)
FNDA:0,(anonymous_8)
FNDA:30,(anonymous_9)
DA:9,2
DA:10,7
DA:11,7
DA:12,7
DA:14,7
DA:16,7
DA:17,2
DA:20,7
DA:21,2
DA:22,2
DA:24,2
DA:27,2
DA:31,7
DA:33,7
DA:34,7
DA:36,7
DA:42,1
DA:45,1
DA:46,8
DA:49,1
DA:56,1
DA:57,8
DA:59,1
DA:68,0
DA:74,30
LF:25
LH:24
BRDA:34,0,0,0
BRDA:34,0,1,7
BRDA:36,1,0,2
BRDA:36,1,1,5
BRDA:46,2,0,8
BRDA:46,2,1,7
BRDA:75,3,0,30
BRDA:75,3,1,0
BRF:8
BRH:6
end_of_record
TN:
SF:src\components\RestaurantCard.js
FN:3,(anonymous_0)
FN:31,(anonymous_1)
FN:32,(anonymous_2)
FNF:3
FNH:3
FNDA:37,(anonymous_0)
FNDA:8,(anonymous_1)
FNDA:31,(anonymous_2)
DA:3,4
DA:4,37
DA:13,36
DA:15,32
DA:31,4
DA:32,8
DA:33,31
LF:7
LH:7
BRF:0
BRH:0
end_of_record
TN:
SF:src\components\mocks\mockItemListData.js
FNF:0
FNH:0
DA:1,1
LF:1
LH:1
BRF:0
BRH:0
end_of_record
TN:
SF:src\components\mocks\mockResListData.js
FNF:0
FNH:0
DA:1,2
LF:1
LH:1
BRF:0
BRH:0
end_of_record
TN:
SF:src\utils\appStore.js
FNF:0
FNH:0
DA:4,1
LF:1
LH:1
BRF:0
BRH:0
end_of_record
